Performing C SOURCE FILE Test CMAKE_HAVE_LIBC_PTHREAD failed with the following output:
Change Dir: /home/jake/project/sst-c-api/examples/build/CMakeFiles/CMakeScratch/TryCompile-QQOFNi

Run Build Command(s):/usr/bin/make -f Makefile cmTC_9148d/fast && /usr/bin/make  -f CMakeFiles/cmTC_9148d.dir/build.make CMakeFiles/cmTC_9148d.dir/build
make[1]: Entering directory '/home/jake/project/sst-c-api/examples/build/CMakeFiles/CMakeScratch/TryCompile-QQOFNi'
Building C object CMakeFiles/cmTC_9148d.dir/src.c.o
/usr/bin/cc -DCMAKE_HAVE_LIBC_PTHREAD   -o CMakeFiles/cmTC_9148d.dir/src.c.o -c /home/jake/project/sst-c-api/examples/build/CMakeFiles/CMakeScratch/TryCompile-QQOFNi/src.c
Linking C executable cmTC_9148d
/home/jake/src/cmake-3.25.1-linux-x86_64/bin/cmake -E cmake_link_script CMakeFiles/cmTC_9148d.dir/link.txt --verbose=1
/usr/bin/cc CMakeFiles/cmTC_9148d.dir/src.c.o -o cmTC_9148d 
/usr/bin/ld: CMakeFiles/cmTC_9148d.dir/src.c.o: in function `main':
src.c:(.text+0x46): undefined reference to `pthread_create'
/usr/bin/ld: src.c:(.text+0x52): undefined reference to `pthread_detach'
/usr/bin/ld: src.c:(.text+0x5e): undefined reference to `pthread_cancel'
/usr/bin/ld: src.c:(.text+0x6f): undefined reference to `pthread_join'
collect2: error: ld returned 1 exit status
make[1]: *** [CMakeFiles/cmTC_9148d.dir/build.make:99: cmTC_9148d] Error 1
make[1]: Leaving directory '/home/jake/project/sst-c-api/examples/build/CMakeFiles/CMakeScratch/TryCompile-QQOFNi'
make: *** [Makefile:127: cmTC_9148d/fast] Error 2


Source file was:
#include <pthread.h>

static void* test_func(void* data)
{
  return data;
}

int main(void)
{
  pthread_t thread;
  pthread_create(&thread, NULL, test_func, NULL);
  pthread_detach(thread);
  pthread_cancel(thread);
  pthread_join(thread, NULL);
  pthread_atfork(NULL, NULL, NULL);
  pthread_exit(NULL);

  return 0;
}


Determining if the function pthread_create exists in the pthreads failed with the following output:
Change Dir: /home/jake/project/sst-c-api/examples/build/CMakeFiles/CMakeScratch/TryCompile-DuEPki

Run Build Command(s):/usr/bin/make -f Makefile cmTC_c0c1c/fast && /usr/bin/make  -f CMakeFiles/cmTC_c0c1c.dir/build.make CMakeFiles/cmTC_c0c1c.dir/build
make[1]: Entering directory '/home/jake/project/sst-c-api/examples/build/CMakeFiles/CMakeScratch/TryCompile-DuEPki'
Building C object CMakeFiles/cmTC_c0c1c.dir/CheckFunctionExists.c.o
/usr/bin/cc   -DCHECK_FUNCTION_EXISTS=pthread_create -o CMakeFiles/cmTC_c0c1c.dir/CheckFunctionExists.c.o -c /home/jake/project/sst-c-api/examples/build/CMakeFiles/CMakeScratch/TryCompile-DuEPki/CheckFunctionExists.c
Linking C executable cmTC_c0c1c
/home/jake/src/cmake-3.25.1-linux-x86_64/bin/cmake -E cmake_link_script CMakeFiles/cmTC_c0c1c.dir/link.txt --verbose=1
/usr/bin/cc  -DCHECK_FUNCTION_EXISTS=pthread_create CMakeFiles/cmTC_c0c1c.dir/CheckFunctionExists.c.o -o cmTC_c0c1c  -lpthreads 
/usr/bin/ld: cannot find -lpthreads
collect2: error: ld returned 1 exit status
make[1]: *** [CMakeFiles/cmTC_c0c1c.dir/build.make:99: cmTC_c0c1c] Error 1
make[1]: Leaving directory '/home/jake/project/sst-c-api/examples/build/CMakeFiles/CMakeScratch/TryCompile-DuEPki'
make: *** [Makefile:127: cmTC_c0c1c/fast] Error 2



